<?xml version="1.0" encoding="UTF-8"?>
<!-- Generated by org.testng.reporters.JUnitReportReporter -->
<testsuite hostname="Janusz-Kossowski-mac.local" name="org.kossowski.elemont.domain.operacje.PrzypisanieQR2Test" tests="4" failures="0" timestamp="15 Feb 2016 07:00:42 GMT" time="0.008" errors="0">
  <testcase name="przyStatu1Test2" time="0.003" classname="org.kossowski.elemont.domain.operacje.PrzypisanieQR2Test"/>
  <testcase name="przyStatu1Test" time="0.001" classname="org.kossowski.elemont.domain.operacje.PrzypisanieQR2Test"/>
  <testcase name="przyStatu1Test3" time="0.004" classname="org.kossowski.elemont.domain.operacje.PrzypisanieQR2Test"/>
  <testcase name="przyStatu1Test1" time="0.000" classname="org.kossowski.elemont.domain.operacje.PrzypisanieQR2Test"/>
</testsuite> <!-- org.kossowski.elemont.domain.operacje.PrzypisanieQR2Test -->
