<?xml version="1.0" encoding="UTF-8"?>
<!-- Generated by org.testng.reporters.JUnitReportReporter -->
<testsuite hostname="Janusz-Kossowski-mac.local" name="org.kossowski.elemont.domain.KartaMagazynowaTest" tests="6" failures="0" timestamp="3 Mar 2016 17:34:35 GMT" time="0.075" errors="0">
  <testcase name="operacjeSizeTest1" time="0.005" classname="org.kossowski.elemont.domain.KartaMagazynowaTest"/>
  <testcase name="odcinkiTest" time="0.009" classname="org.kossowski.elemont.domain.KartaMagazynowaTest"/>
  <testcase name="stanInitState" time="0.000" classname="org.kossowski.elemont.domain.KartaMagazynowaTest"/>
  <testcase name="stanSetState" time="0.000" classname="org.kossowski.elemont.domain.KartaMagazynowaTest"/>
  <testcase name="operacjeSizeTest3" time="0.031" classname="org.kossowski.elemont.domain.KartaMagazynowaTest"/>
  <testcase name="operacjeSizeTest2" time="0.030" classname="org.kossowski.elemont.domain.KartaMagazynowaTest"/>
</testsuite> <!-- org.kossowski.elemont.domain.KartaMagazynowaTest -->
