<?xml version="1.0" encoding="UTF-8"?>
<!-- Generated by org.testng.reporters.JUnitReportReporter -->
<testsuite hostname="Janusz-Kossowski-mac.local" name="org.kossowski.elemont.domain.operacje.PrzyjecieZGlownegoTest" tests="2" failures="0" timestamp="20 Feb 2016 09:48:28 GMT" time="0.009" errors="0">
  <testcase name="powtornePrzyjecieTest" time="0.001" classname="org.kossowski.elemont.domain.operacje.PrzyjecieZGlownegoTest"/>
  <testcase name="przyjecieZGlownegoTest" time="0.008" classname="org.kossowski.elemont.domain.operacje.PrzyjecieZGlownegoTest"/>
</testsuite> <!-- org.kossowski.elemont.domain.operacje.PrzyjecieZGlownegoTest -->
