<?xml version="1.0" encoding="UTF-8"?>
<!-- Generated by org.testng.reporters.JUnitReportReporter -->
<testsuite hostname="Janusz-Kossowski-mac.local" name="org.kossowski.elemont.domain.SelektorZawieszkiTest" tests="1" failures="0" timestamp="3 Mar 2016 18:24:33 GMT" time="0.005" errors="0">
  <testcase name="Sel1Test" time="0.005" classname="org.kossowski.elemont.domain.SelektorZawieszkiTest"/>
</testsuite> <!-- org.kossowski.elemont.domain.SelektorZawieszkiTest -->
