<?xml version="1.0" encoding="UTF-8"?>
<!-- Generated by org.testng.reporters.JUnitReportReporter -->
<testsuite hostname="Janusz-Kossowski-mac.local" name="org.kossowski.elemont.domain.SelektorZawieszkiTest" tests="1" failures="0" timestamp="27 Mar 2016 19:02:41 GMT" time="0.001" errors="0">
  <testcase name="Sel1Test" time="0.001" classname="org.kossowski.elemont.domain.SelektorZawieszkiTest"/>
</testsuite> <!-- org.kossowski.elemont.domain.SelektorZawieszkiTest -->
