<?xml version="1.0" encoding="UTF-8"?>
<!-- Generated by org.testng.reporters.JUnitReportReporter -->
<testsuite hostname="Janusz-Kossowski-mac.local" name="org.kossowski.elemont.domain.StanTest" tests="5" failures="0" timestamp="2 Mar 2016 17:01:07 GMT" time="0.006" errors="0">
  <testcase name="stanNotEqual" time="0.004" classname="org.kossowski.elemont.domain.StanTest"/>
  <testcase name="stanEquals2" time="0.001" classname="org.kossowski.elemont.domain.StanTest"/>
  <testcase name="stanEquals1" time="0.001" classname="org.kossowski.elemont.domain.StanTest"/>
  <testcase name="stanIntArrayContructorException" time="0.000" classname="org.kossowski.elemont.domain.StanTest"/>
  <testcase name="test1" time="0.000" classname="org.kossowski.elemont.domain.StanTest"/>
</testsuite> <!-- org.kossowski.elemont.domain.StanTest -->
