<?xml version="1.0" encoding="UTF-8"?>
<!-- Generated by org.testng.reporters.JUnitReportReporter -->
<testsuite hostname="Janusz-Kossowski-mac.local" name="org.kossowski.elemont.domain.operacje.WydanieNabudoweTest" tests="3" failures="0" timestamp="23 Feb 2016 19:14:25 GMT" time="0.005" errors="0">
  <testcase name="wydanieNaBudoweTest" time="0.002" classname="org.kossowski.elemont.domain.operacje.WydanieNabudoweTest"/>
  <testcase name="powtorneWydanieNaBudoweTest" time="0.003" classname="org.kossowski.elemont.domain.operacje.WydanieNabudoweTest"/>
  <testcase name="wydanieNaBudoweTest1" time="0.000" classname="org.kossowski.elemont.domain.operacje.WydanieNabudoweTest"/>
</testsuite> <!-- org.kossowski.elemont.domain.operacje.WydanieNabudoweTest -->
