<?xml version="1.0" encoding="UTF-8"?>
<!-- Generated by org.testng.reporters.JUnitReportReporter -->
<testsuite hostname="Janusz-Kossowski-mac.local" name="org.kossowski.elemont.domain.operacje.PrzyjecieZGlownegoTest" tests="2" failures="0" timestamp="23 Feb 2016 19:14:25 GMT" time="0.006" errors="0">
  <testcase name="powtornePrzyjecieTest" time="0.001" classname="org.kossowski.elemont.domain.operacje.PrzyjecieZGlownegoTest"/>
  <testcase name="przyjecieZGlownegoTest" time="0.005" classname="org.kossowski.elemont.domain.operacje.PrzyjecieZGlownegoTest"/>
</testsuite> <!-- org.kossowski.elemont.domain.operacje.PrzyjecieZGlownegoTest -->
