<?xml version="1.0" encoding="UTF-8"?>
<!-- Generated by org.testng.reporters.JUnitReportReporter -->
<testsuite hostname="Janusz-Kossowski-mac.local" name="org.kossowski.elemont.domain.OdcinekTest" tests="5" failures="0" timestamp="23 Feb 2016 19:14:25 GMT" time="0.002" errors="0">
  <testcase name="odcinekUsedTest" time="0.000" classname="org.kossowski.elemont.domain.OdcinekTest"/>
  <testcase name="odcinekWithIdTest" time="0.000" classname="org.kossowski.elemont.domain.OdcinekTest"/>
  <testcase name="odcinekEqualsTest" time="0.000" classname="org.kossowski.elemont.domain.OdcinekTest"/>
  <testcase name="odcinekSetTest" time="0.000" classname="org.kossowski.elemont.domain.OdcinekTest"/>
  <testcase name="isSet" time="0.002" classname="org.kossowski.elemont.domain.OdcinekTest"/>
</testsuite> <!-- org.kossowski.elemont.domain.OdcinekTest -->
