<?xml version="1.0" encoding="UTF-8"?>
<!-- Generated by org.testng.reporters.JUnitReportReporter -->
<testsuite hostname="Janusz-Kossowski-mac.local" name="org.kossowski.elemont.domain.operacje.SkanZawieszkiTest" tests="4" failures="0" timestamp="23 Feb 2016 19:14:25 GMT" time="0.005" errors="0">
  <testcase name="testQRCode1" time="0.001" classname="org.kossowski.elemont.domain.operacje.SkanZawieszkiTest"/>
  <testcase name="skanTest1" time="0.002" classname="org.kossowski.elemont.domain.operacje.SkanZawieszkiTest"/>
  <testcase name="suffixTest" time="0.000" classname="org.kossowski.elemont.domain.operacje.SkanZawieszkiTest"/>
  <testcase name="prefixTest" time="0.002" classname="org.kossowski.elemont.domain.operacje.SkanZawieszkiTest"/>
</testsuite> <!-- org.kossowski.elemont.domain.operacje.SkanZawieszkiTest -->
