<?xml version="1.0" encoding="UTF-8"?>
<!-- Generated by org.testng.reporters.JUnitReportReporter -->
<testsuite hostname="Janusz-Kossowski-mac.local" name="org.kossowski.elemont.domain.MaterialTest" tests="3" failures="0" timestamp="24 Feb 2016 09:08:23 GMT" time="0.004" errors="0">
  <testcase name="equalsTest1" time="0.001" classname="org.kossowski.elemont.domain.MaterialTest"/>
  <testcase name="equalsTest" time="0.002" classname="org.kossowski.elemont.domain.MaterialTest"/>
  <testcase name="equalsTest3" time="0.001" classname="org.kossowski.elemont.domain.MaterialTest"/>
</testsuite> <!-- org.kossowski.elemont.domain.MaterialTest -->
