<?xml version="1.0" encoding="UTF-8"?>
<!-- Generated by org.testng.reporters.JUnitReportReporter -->
<testsuite hostname="Janusz-Kossowski-mac.local" name="org.kossowski.elemont.domain.KartaMagazynowaTest" tests="6" failures="0" timestamp="23 Feb 2016 19:14:25 GMT" time="0.093" errors="0">
  <testcase name="odcinkiTest" time="0.026" classname="org.kossowski.elemont.domain.KartaMagazynowaTest"/>
  <testcase name="operacjeSizeTest2" time="0.032" classname="org.kossowski.elemont.domain.KartaMagazynowaTest"/>
  <testcase name="operacjeSizeTest1" time="0.004" classname="org.kossowski.elemont.domain.KartaMagazynowaTest"/>
  <testcase name="stanSetState" time="0.000" classname="org.kossowski.elemont.domain.KartaMagazynowaTest"/>
  <testcase name="stanInitState" time="0.003" classname="org.kossowski.elemont.domain.KartaMagazynowaTest"/>
  <testcase name="operacjeSizeTest3" time="0.028" classname="org.kossowski.elemont.domain.KartaMagazynowaTest"/>
</testsuite> <!-- org.kossowski.elemont.domain.KartaMagazynowaTest -->
