<?xml version="1.0" encoding="UTF-8"?>
<!-- Generated by org.testng.reporters.JUnitReportReporter -->
<testsuite hostname="Janusz-Kossowski-mac.local" name="org.kossowski.elemont.domain.KartaMagazynowaTest" tests="6" failures="0" timestamp="22 Feb 2016 17:33:40 GMT" time="0.078" errors="0">
  <testcase name="odcinkiTest" time="0.009" classname="org.kossowski.elemont.domain.KartaMagazynowaTest"/>
  <testcase name="operacjeSizeTest2" time="0.027" classname="org.kossowski.elemont.domain.KartaMagazynowaTest"/>
  <testcase name="operacjeSizeTest1" time="0.006" classname="org.kossowski.elemont.domain.KartaMagazynowaTest"/>
  <testcase name="stanSetState" time="0.000" classname="org.kossowski.elemont.domain.KartaMagazynowaTest"/>
  <testcase name="stanInitState" time="0.002" classname="org.kossowski.elemont.domain.KartaMagazynowaTest"/>
  <testcase name="operacjeSizeTest3" time="0.034" classname="org.kossowski.elemont.domain.KartaMagazynowaTest"/>
</testsuite> <!-- org.kossowski.elemont.domain.KartaMagazynowaTest -->
