<?xml version="1.0" encoding="UTF-8"?>
<!-- Generated by org.testng.reporters.JUnitReportReporter -->
<testsuite hostname="Janusz-Kossowski-mac.local" name="org.kossowski.elemont.domain.KartaMagazynowaTest" tests="6" failures="0" timestamp="21 Mar 2016 20:06:12 GMT" time="0.078" errors="0">
  <testcase name="operacjeSizeTest1" time="0.004" classname="org.kossowski.elemont.domain.KartaMagazynowaTest"/>
  <testcase name="odcinkiTest" time="0.009" classname="org.kossowski.elemont.domain.KartaMagazynowaTest"/>
  <testcase name="stanInitState" time="0.001" classname="org.kossowski.elemont.domain.KartaMagazynowaTest"/>
  <testcase name="stanSetState" time="0.001" classname="org.kossowski.elemont.domain.KartaMagazynowaTest"/>
  <testcase name="operacjeSizeTest3" time="0.037" classname="org.kossowski.elemont.domain.KartaMagazynowaTest"/>
  <testcase name="operacjeSizeTest2" time="0.026" classname="org.kossowski.elemont.domain.KartaMagazynowaTest"/>
</testsuite> <!-- org.kossowski.elemont.domain.KartaMagazynowaTest -->
