<?xml version="1.0" encoding="UTF-8"?>
<!-- Generated by org.testng.reporters.JUnitReportReporter -->
<testsuite hostname="Janusz-Kossowski-mac.local" name="org.kossowski.elemont.domain.KartaMagazynowaTest" tests="6" failures="0" timestamp="29 Feb 2016 20:37:35 GMT" time="0.077" errors="0">
  <testcase name="operacjeSizeTest3" time="0.032" classname="org.kossowski.elemont.domain.KartaMagazynowaTest"/>
  <testcase name="odcinkiTest" time="0.011" classname="org.kossowski.elemont.domain.KartaMagazynowaTest"/>
  <testcase name="operacjeSizeTest1" time="0.005" classname="org.kossowski.elemont.domain.KartaMagazynowaTest"/>
  <testcase name="operacjeSizeTest2" time="0.026" classname="org.kossowski.elemont.domain.KartaMagazynowaTest"/>
  <testcase name="stanInitState" time="0.002" classname="org.kossowski.elemont.domain.KartaMagazynowaTest"/>
  <testcase name="stanSetState" time="0.001" classname="org.kossowski.elemont.domain.KartaMagazynowaTest"/>
</testsuite> <!-- org.kossowski.elemont.domain.KartaMagazynowaTest -->
