<?xml version="1.0" encoding="UTF-8"?>
<!-- Generated by org.testng.reporters.JUnitReportReporter -->
<testsuite hostname="Janusz-Kossowski-mac.local" name="org.kossowski.elemont.domain.MaterialTest" tests="3" failures="0" timestamp="29 Feb 2016 20:37:35 GMT" time="0.005" errors="0">
  <testcase name="equalsTest1" time="0.000" classname="org.kossowski.elemont.domain.MaterialTest"/>
  <testcase name="equalsTest" time="0.004" classname="org.kossowski.elemont.domain.MaterialTest"/>
  <testcase name="equalsTest3" time="0.001" classname="org.kossowski.elemont.domain.MaterialTest"/>
</testsuite> <!-- org.kossowski.elemont.domain.MaterialTest -->
