<?xml version="1.0" encoding="UTF-8"?>
<!-- Generated by org.testng.reporters.JUnitReportReporter -->
<testsuite hostname="Janusz-Kossowski-mac.local" name="org.kossowski.elemont.domain.MaterialTest" tests="3" failures="0" timestamp="27 Mar 2016 19:02:41 GMT" time="0.002" errors="0">
  <testcase name="equalsTest3" time="0.001" classname="org.kossowski.elemont.domain.MaterialTest"/>
  <testcase name="equalsTest1" time="0.000" classname="org.kossowski.elemont.domain.MaterialTest"/>
  <testcase name="equalsTest" time="0.001" classname="org.kossowski.elemont.domain.MaterialTest"/>
</testsuite> <!-- org.kossowski.elemont.domain.MaterialTest -->
