<?xml version="1.0" encoding="UTF-8"?>
<!-- Generated by org.testng.reporters.JUnitReportReporter -->
<testsuite hostname="Janusz-Kossowski-mac.local" name="org.kossowski.elemont.domain.operacje.WydanieNabudoweTest" tests="3" failures="0" timestamp="22 Feb 2016 17:33:40 GMT" time="0.008" errors="0">
  <testcase name="wydanieNaBudoweTest" time="0.002" classname="org.kossowski.elemont.domain.operacje.WydanieNabudoweTest"/>
  <testcase name="powtorneWydanieNaBudoweTest" time="0.004" classname="org.kossowski.elemont.domain.operacje.WydanieNabudoweTest"/>
  <testcase name="wydanieNaBudoweTest1" time="0.002" classname="org.kossowski.elemont.domain.operacje.WydanieNabudoweTest"/>
</testsuite> <!-- org.kossowski.elemont.domain.operacje.WydanieNabudoweTest -->
