<?xml version="1.0" encoding="UTF-8"?>
<!-- Generated by org.testng.reporters.JUnitReportReporter -->
<testsuite hostname="Janusz-Kossowski-mac.local" name="org.kossowski.elemont.domain.MaterialTest" tests="3" failures="0" timestamp="20 Feb 2016 09:48:28 GMT" time="0.003" errors="0">
  <testcase name="equalsTest" time="0.002" classname="org.kossowski.elemont.domain.MaterialTest"/>
  <testcase name="equalsTest3" time="0.001" classname="org.kossowski.elemont.domain.MaterialTest"/>
  <testcase name="equalsTest1" time="0.000" classname="org.kossowski.elemont.domain.MaterialTest"/>
</testsuite> <!-- org.kossowski.elemont.domain.MaterialTest -->
