<?xml version="1.0" encoding="UTF-8"?>
<!-- Generated by org.testng.reporters.JUnitReportReporter -->
<testsuite hostname="Janusz-Kossowski-mac.local" name="PrzypisanieQR2Test" tests="4" failures="0" timestamp="11 Feb 2016 15:05:48 GMT" time="0.001" errors="0">
  <testcase name="przyStatu1Test1" time="0.000" classname="PrzypisanieQR2Test"/>
  <testcase name="przyStatu1Test2" time="0.000" classname="PrzypisanieQR2Test"/>
  <testcase name="przyStatu1Test3" time="0.000" classname="PrzypisanieQR2Test"/>
  <testcase name="przyStatu1Test" time="0.001" classname="PrzypisanieQR2Test"/>
</testsuite> <!-- PrzypisanieQR2Test -->
