<?xml version="1.0" encoding="UTF-8"?>
<!-- Generated by org.testng.reporters.JUnitReportReporter -->
<testsuite hostname="Janusz-Kossowski-mac.local" name="org.kossowski.elemont.domain.MaterialTest" tests="3" failures="0" timestamp="21 Mar 2016 20:06:12 GMT" time="0.005" errors="0">
  <testcase name="equalsTest3" time="0.000" classname="org.kossowski.elemont.domain.MaterialTest"/>
  <testcase name="equalsTest1" time="0.002" classname="org.kossowski.elemont.domain.MaterialTest"/>
  <testcase name="equalsTest" time="0.003" classname="org.kossowski.elemont.domain.MaterialTest"/>
</testsuite> <!-- org.kossowski.elemont.domain.MaterialTest -->
