<?xml version="1.0" encoding="UTF-8"?>
<!-- Generated by org.testng.reporters.JUnitReportReporter -->
<testsuite hostname="Janusz-Kossowski-mac.local" name="org.kossowski.elemont.domain.MaterialTest" tests="3" failures="0" timestamp="1 Mar 2016 07:55:33 GMT" time="0.016" errors="0">
  <testcase name="equalsTest1" time="0.002" classname="org.kossowski.elemont.domain.MaterialTest"/>
  <testcase name="equalsTest" time="0.014" classname="org.kossowski.elemont.domain.MaterialTest"/>
  <testcase name="equalsTest3" time="0.000" classname="org.kossowski.elemont.domain.MaterialTest"/>
</testsuite> <!-- org.kossowski.elemont.domain.MaterialTest -->
